<?xml version="1.0" encoding="UTF-8"?>
<!-- Generated by org.testng.reporters.JUnitXMLReporter -->
<testsuite hostname="INTEL-PC" ignored="0" name="Test Basics 1" tests="3" failures="0" timestamp="2022-02-19T00:02:19 IST" time="62.203" errors="0">
  <testcase name="checkLogo" time="22.038" classname="com.qa.crm.testcases.HomePageTest"/>
  <testcase name="login" time="26.798" classname="com.qa.crm.testcases.HomePageTest"/>
  <testcase name="verifyTitle" time="13.282" classname="com.qa.crm.testcases.HomePageTest"/>
</testsuite> <!-- Test Basics 1 -->
